<?xml version="1.0" encoding="UTF-8"?>
<!-- Generated by org.testng.reporters.JUnitReportReporter -->
<testsuite hostname="DESKTOP-MO70P23" failures="0" tests="3" name="myTestAutomation.tests.TestBasicFunctionChrome" time="16.797" errors="0" timestamp="7 Jun 2021 03:58:52 GMT">
  <testcase classname="myTestAutomation.tests.TestBasicFunctionChrome" name="test_Messages_AfterTimer" time="11.621"/>
  <testcase classname="myTestAutomation.tests.TestBasicFunctionChrome" name="test_Timer_Countdown" time="4.912"/>
  <testcase classname="myTestAutomation.tests.TestBasicFunctionChrome" name="test_WebPage_Load" time="0.264"/>
</testsuite> <!-- myTestAutomation.tests.TestBasicFunctionChrome -->
